<?xml version="1.0" encoding="UTF-8"?>
<!-- Generated by org.testng.reporters.JUnitReportReporter -->
<testsuite skipped="0" hostname="Y" name="testCases.TC_001_AccountRegistrationTest" tests="1" failures="0" timestamp="2023-12-26T17:58:46 TRT" time="7.427" errors="0">
  <testcase name="test_account_Registration" time="7.427" classname="testCases.TC_001_AccountRegistrationTest"/>
  <system-out/>
</testsuite> <!-- testCases.TC_001_AccountRegistrationTest -->
