<?xml version="1.0" encoding="UTF-8"?>
<!-- Generated by org.testng.reporters.JUnitReportReporter -->
<testsuite hostname="Y" failures="0" tests="1" name="testCases.TC_001_AccountRegistrationTest" time="4.436" errors="0" timestamp="2023-12-11T18:02:01 TRT" skipped="0">
  <testcase classname="testCases.TC_001_AccountRegistrationTest" name="test_account_Registration" time="4.436"/>
  <system-out/>
</testsuite> <!-- testCases.TC_001_AccountRegistrationTest -->
